../../../../connectors/source-convex/acceptance-test-config.yml
/Users/ella/airbytehq/airbyte/airbyte-integrations/connectors/source-convex
============================= test session starts ==============================
platform linux -- Python 3.9.11, pytest-6.2.5, py-1.11.0, pluggy-1.0.0
rootdir: /test_input
plugins: timeout-1.4.2, hypothesis-6.54.6, requests-mock-1.9.3, cov-3.0.0, sugar-0.9.6, mock-3.6.1
{"type": "LOG", "log": {"level": "WARN", "message": "The acceptance-test-config.yml file is in a legacy format. Please migrate to the latest format."}}
{"type": "LOG", "log": {"level": "WARN", "message": "The acceptance-test-config.yml file is in a legacy format. Please migrate to the latest format."}}
{"type": "LOG", "log": {"level": "WARN", "message": "The acceptance-test-config.yml file is in a legacy format. Please migrate to the latest format."}}
{"type": "LOG", "log": {"level": "WARN", "message": "The acceptance-test-config.yml file is in a legacy format. Please migrate to the latest format."}}
{"type": "LOG", "log": {"level": "WARN", "message": "The acceptance-test-config.yml file is in a legacy format. Please migrate to the latest format."}}
{"type": "LOG", "log": {"level": "WARN", "message": "The acceptance-test-config.yml file is in a legacy format. Please migrate to the latest format."}}
{"type": "LOG", "log": {"level": "WARN", "message": "The acceptance-test-config.yml file is in a legacy format. Please migrate to the latest format."}}
{"type": "LOG", "log": {"level": "WARN", "message": "The acceptance-test-config.yml file is in a legacy format. Please migrate to the latest format."}}
{"type": "LOG", "log": {"level": "WARN", "message": "The acceptance-test-config.yml file is in a legacy format. Please migrate to the latest format."}}
{"type": "LOG", "log": {"level": "WARN", "message": "The acceptance-test-config.yml file is in a legacy format. Please migrate to the latest format."}}
{"type": "LOG", "log": {"level": "WARN", "message": "The acceptance-test-config.yml file is in a legacy format. Please migrate to the latest format."}}
{"type": "LOG", "log": {"level": "WARN", "message": "The acceptance-test-config.yml file is in a legacy format. Please migrate to the latest format."}}
{"type": "LOG", "log": {"level": "WARN", "message": "The acceptance-test-config.yml file is in a legacy format. Please migrate to the latest format."}}
{"type": "LOG", "log": {"level": "WARN", "message": "The acceptance-test-config.yml file is in a legacy format. Please migrate to the latest format."}}
{"type": "LOG", "log": {"level": "WARN", "message": "The acceptance-test-config.yml file is in a legacy format. Please migrate to the latest format."}}
{"type": "LOG", "log": {"level": "WARN", "message": "The acceptance-test-config.yml file is in a legacy format. Please migrate to the latest format."}}
{"type": "LOG", "log": {"level": "WARN", "message": "The acceptance-test-config.yml file is in a legacy format. Please migrate to the latest format."}}
{"type": "LOG", "log": {"level": "WARN", "message": "The acceptance-test-config.yml file is in a legacy format. Please migrate to the latest format."}}
{"type": "LOG", "log": {"level": "WARN", "message": "The acceptance-test-config.yml file is in a legacy format. Please migrate to the latest format."}}
{"type": "LOG", "log": {"level": "WARN", "message": "The acceptance-test-config.yml file is in a legacy format. Please migrate to the latest format."}}
{"type": "LOG", "log": {"level": "WARN", "message": "The acceptance-test-config.yml file is in a legacy format. Please migrate to the latest format."}}
{"type": "LOG", "log": {"level": "WARN", "message": "The acceptance-test-config.yml file is in a legacy format. Please migrate to the latest format."}}
{"type": "LOG", "log": {"level": "WARN", "message": "The acceptance-test-config.yml file is in a legacy format. Please migrate to the latest format."}}
{"type": "LOG", "log": {"level": "WARN", "message": "The acceptance-test-config.yml file is in a legacy format. Please migrate to the latest format."}}
{"type": "LOG", "log": {"level": "WARN", "message": "The acceptance-test-config.yml file is in a legacy format. Please migrate to the latest format."}}
{"type": "LOG", "log": {"level": "WARN", "message": "The acceptance-test-config.yml file is in a legacy format. Please migrate to the latest format."}}
{"type": "LOG", "log": {"level": "WARN", "message": "The acceptance-test-config.yml file is in a legacy format. Please migrate to the latest format."}}
{"type": "LOG", "log": {"level": "WARN", "message": "The acceptance-test-config.yml file is in a legacy format. Please migrate to the latest format."}}
{"type": "LOG", "log": {"level": "WARN", "message": "The acceptance-test-config.yml file is in a legacy format. Please migrate to the latest format."}}
{"type": "LOG", "log": {"level": "WARN", "message": "The acceptance-test-config.yml file is in a legacy format. Please migrate to the latest format."}}
{"type": "LOG", "log": {"level": "WARN", "message": "The acceptance-test-config.yml file is in a legacy format. Please migrate to the latest format."}}
{"type": "LOG", "log": {"level": "WARN", "message": "The acceptance-test-config.yml file is in a legacy format. Please migrate to the latest format."}}
{"type": "LOG", "log": {"level": "WARN", "message": "The acceptance-test-config.yml file is in a legacy format. Please migrate to the latest format."}}
{"type": "LOG", "log": {"level": "WARN", "message": "The acceptance-test-config.yml file is in a legacy format. Please migrate to the latest format."}}
{"type": "LOG", "log": {"level": "WARN", "message": "The acceptance-test-config.yml file is in a legacy format. Please migrate to the latest format."}}
{"type": "LOG", "log": {"level": "WARN", "message": "The acceptance-test-config.yml file is in a legacy format. Please migrate to the latest format."}}
collected 37 items / 35 deselected / 2 selected

../../test_input/test_core.py F                                          [ 50%]
../../test_input/test_incremental.py F                                   [100%]


=================================== FAILURES ===================================
_______________________ TestBasicRead.test_read[inputs0] _______________________

self = <connector_acceptance_test.tests.test_core.TestBasicRead object at 0xffff7d2a0700>
connector_config = SecretDict(******)
configured_catalog = ConfiguredAirbyteCatalog(streams=[ConfiguredAirbyteStream(stream=AirbyteStream(name='posts', json_schema={'type': 'obj...l: 'incremental'>, cursor_field=None, destination_sync_mode=<DestinationSyncMode.append: 'append'>, primary_key=None)])
expect_records_config = ExpectedRecordsConfig(bypass_reason=None, path=PosixPath('integration_tests/expected_records.jsonl'), extra_fields=False, exact_order=True, extra_records=True)
should_validate_schema = True, should_validate_data_points = False
should_fail_on_extra_columns = True, empty_streams = set(), ignored_fields = {}
expected_records_by_stream = defaultdict(<class 'list'>, {'users': [{'_id': {'$id': 'users|wnmxwZrHuQa8TWcCXl8faAW'}, '_creationTime': 165259390179...t': None, '_ab_cdc_lsn': 1660025892355943945, '_ab_cdc_updated_at': '2022-08-09T06:18:12.355944', '_deleted': False}]})
docker_runner = <connector_acceptance_test.utils.connector_runner.ConnectorRunner object at 0xffff7d2f98b0>
detailed_logger = <Logger detailed_logger /test_input/acceptance_tests_logs/test_core.py__TestBasicRead__test_read[inputs0].txt (DEBUG)>

    def test_read(
        self,
        connector_config,
        configured_catalog,
        expect_records_config: ExpectedRecordsConfig,
        should_validate_schema: Boolean,
        should_validate_data_points: Boolean,
        should_fail_on_extra_columns: Boolean,
        empty_streams: Set[EmptyStreamConfiguration],
        ignored_fields: Optional[Mapping[str, List[IgnoredFieldsConfiguration]]],
        expected_records_by_stream: MutableMapping[str, List[MutableMapping]],
        docker_runner: ConnectorRunner,
        detailed_logger,
    ):
        output = docker_runner.call_read(connector_config, configured_catalog)
        records = [message.record for message in filter_output(output, Type.RECORD)]
    
>       assert records, "At least one record should be read using provided catalog"
E       AssertionError: At least one record should be read using provided catalog
E       assert []

connector_acceptance_test/tests/test_core.py:820: AssertionError
---------------------------- Captured stdout setup -----------------------------
{"type": "LOG", "log": {"level": "WARN", "message": "The acceptance-test-config.yml file is in a legacy format. Please migrate to the latest format."}}
------------------------------ Captured log setup ------------------------------
WARNING  root:config.py:282 The acceptance-test-config.yml file is in a legacy format. Please migrate to the latest format.
_____________ TestIncremental.test_read_sequential_slices[inputs0] _____________

self = <connector_acceptance_test.tests.test_incremental.TestIncremental object at 0xffff7da3eac0>
inputs = IncrementalConfig(config_path='secrets/config.json', configured_catalog_path='integration_tests/configured_catalog.jso...ng_streams=[], bypass_reason=None), timeout_seconds=None, threshold_days=0, skip_comprehensive_incremental_tests=False)
connector_config = SecretDict(******)
configured_catalog_for_incremental = ConfiguredAirbyteCatalog(streams=[ConfiguredAirbyteStream(stream=AirbyteStream(name='posts', json_schema={'type': 'obj...'incremental'>, cursor_field=['_ts'], destination_sync_mode=<DestinationSyncMode.append: 'append'>, primary_key=None)])
cursor_paths = {'posts': ['_ts'], 'users': ['_ts']}
docker_runner = <connector_acceptance_test.utils.connector_runner.ConnectorRunner object at 0xffff7d4ecb20>

    def test_read_sequential_slices(
        self, inputs: IncrementalConfig, connector_config, configured_catalog_for_incremental, cursor_paths, docker_runner: ConnectorRunner
    ):
        """
        Incremental test that makes calls to the read method without a state checkpoint. Then we partition the results by stream and
        slice checkpoints.
        Then we make additional read method calls using the state message and verify the correctness of the
        messages in the response.
        """
        if inputs.skip_comprehensive_incremental_tests:
            pytest.skip("Skipping new incremental test based on acceptance-test-config.yml")
            return
    
        threshold_days = getattr(inputs, "threshold_days") or 0
        stream_mapping = {stream.stream.name: stream for stream in configured_catalog_for_incremental.streams}
    
        output = docker_runner.call_read(connector_config, configured_catalog_for_incremental)
        records_1 = filter_output(output, type_=Type.RECORD)
        states_1 = filter_output(output, type_=Type.STATE)
    
        assert states_1, "Should produce at least one state"
>       assert records_1, "Should produce at least one record"
E       AssertionError: Should produce at least one record
E       assert []

connector_acceptance_test/tests/test_incremental.py:223: AssertionError
=============================== warnings summary ===============================
connector_acceptance_test/config.py:282: 36 warnings
test_core.py: 1 warning
  /airbyte/connector_acceptance_test/connector_acceptance_test/config.py:282: DeprecationWarning: The 'warn' function is deprecated, use 'warning' instead
    logging.warn("The acceptance-test-config.yml file is in a legacy format. Please migrate to the latest format.")

-- Docs: https://docs.pytest.org/en/stable/warnings.html
=========================== short test summary info ============================
FAILED ../../test_input/test_core.py::TestBasicRead::test_read[inputs0] - Ass...
FAILED ../../test_input/test_incremental.py::TestIncremental::test_read_sequential_slices[inputs0]
================ 2 failed, 35 deselected, 37 warnings in 12.79s ================
