../../../../connectors/source-k6-cloud/acceptance-test-config.yml
/Users/ella/airbytehq/airbyte/airbyte-integrations/connectors/source-k6-cloud
============================= test session starts ==============================
platform linux -- Python 3.9.11, pytest-6.2.5, py-1.11.0, pluggy-1.0.0
rootdir: /test_input
plugins: timeout-1.4.2, hypothesis-6.54.6, requests-mock-1.9.3, cov-3.0.0, sugar-0.9.6, mock-3.6.1
{"type": "LOG", "log": {"level": "WARN", "message": "The acceptance-test-config.yml file is in a legacy format. Please migrate to the latest format."}}
{"type": "LOG", "log": {"level": "WARN", "message": "The acceptance-test-config.yml file is in a legacy format. Please migrate to the latest format."}}
{"type": "LOG", "log": {"level": "WARN", "message": "The acceptance-test-config.yml file is in a legacy format. Please migrate to the latest format."}}
{"type": "LOG", "log": {"level": "WARN", "message": "The acceptance-test-config.yml file is in a legacy format. Please migrate to the latest format."}}
{"type": "LOG", "log": {"level": "WARN", "message": "The acceptance-test-config.yml file is in a legacy format. Please migrate to the latest format."}}
{"type": "LOG", "log": {"level": "WARN", "message": "The acceptance-test-config.yml file is in a legacy format. Please migrate to the latest format."}}
{"type": "LOG", "log": {"level": "WARN", "message": "The acceptance-test-config.yml file is in a legacy format. Please migrate to the latest format."}}
{"type": "LOG", "log": {"level": "WARN", "message": "The acceptance-test-config.yml file is in a legacy format. Please migrate to the latest format."}}
{"type": "LOG", "log": {"level": "WARN", "message": "The acceptance-test-config.yml file is in a legacy format. Please migrate to the latest format."}}
{"type": "LOG", "log": {"level": "WARN", "message": "The acceptance-test-config.yml file is in a legacy format. Please migrate to the latest format."}}
{"type": "LOG", "log": {"level": "WARN", "message": "The acceptance-test-config.yml file is in a legacy format. Please migrate to the latest format."}}
{"type": "LOG", "log": {"level": "WARN", "message": "The acceptance-test-config.yml file is in a legacy format. Please migrate to the latest format."}}
{"type": "LOG", "log": {"level": "WARN", "message": "The acceptance-test-config.yml file is in a legacy format. Please migrate to the latest format."}}
{"type": "LOG", "log": {"level": "WARN", "message": "The acceptance-test-config.yml file is in a legacy format. Please migrate to the latest format."}}
{"type": "LOG", "log": {"level": "WARN", "message": "The acceptance-test-config.yml file is in a legacy format. Please migrate to the latest format."}}
{"type": "LOG", "log": {"level": "WARN", "message": "The acceptance-test-config.yml file is in a legacy format. Please migrate to the latest format."}}
{"type": "LOG", "log": {"level": "WARN", "message": "The acceptance-test-config.yml file is in a legacy format. Please migrate to the latest format."}}
{"type": "LOG", "log": {"level": "WARN", "message": "The acceptance-test-config.yml file is in a legacy format. Please migrate to the latest format."}}
{"type": "LOG", "log": {"level": "WARN", "message": "The acceptance-test-config.yml file is in a legacy format. Please migrate to the latest format."}}
{"type": "LOG", "log": {"level": "WARN", "message": "The acceptance-test-config.yml file is in a legacy format. Please migrate to the latest format."}}
{"type": "LOG", "log": {"level": "WARN", "message": "The acceptance-test-config.yml file is in a legacy format. Please migrate to the latest format."}}
{"type": "LOG", "log": {"level": "WARN", "message": "The acceptance-test-config.yml file is in a legacy format. Please migrate to the latest format."}}
{"type": "LOG", "log": {"level": "WARN", "message": "The acceptance-test-config.yml file is in a legacy format. Please migrate to the latest format."}}
{"type": "LOG", "log": {"level": "WARN", "message": "The acceptance-test-config.yml file is in a legacy format. Please migrate to the latest format."}}
{"type": "LOG", "log": {"level": "WARN", "message": "The acceptance-test-config.yml file is in a legacy format. Please migrate to the latest format."}}
{"type": "LOG", "log": {"level": "WARN", "message": "The acceptance-test-config.yml file is in a legacy format. Please migrate to the latest format."}}
{"type": "LOG", "log": {"level": "WARN", "message": "The acceptance-test-config.yml file is in a legacy format. Please migrate to the latest format."}}
{"type": "LOG", "log": {"level": "WARN", "message": "The acceptance-test-config.yml file is in a legacy format. Please migrate to the latest format."}}
{"type": "LOG", "log": {"level": "WARN", "message": "The acceptance-test-config.yml file is in a legacy format. Please migrate to the latest format."}}
{"type": "LOG", "log": {"level": "WARN", "message": "The acceptance-test-config.yml file is in a legacy format. Please migrate to the latest format."}}
{"type": "LOG", "log": {"level": "WARN", "message": "The acceptance-test-config.yml file is in a legacy format. Please migrate to the latest format."}}
{"type": "LOG", "log": {"level": "WARN", "message": "The acceptance-test-config.yml file is in a legacy format. Please migrate to the latest format."}}
{"type": "LOG", "log": {"level": "WARN", "message": "The acceptance-test-config.yml file is in a legacy format. Please migrate to the latest format."}}
{"type": "LOG", "log": {"level": "WARN", "message": "The acceptance-test-config.yml file is in a legacy format. Please migrate to the latest format."}}
collected 34 items / 33 deselected / 1 skipped

../../test_input/test_core.py F                                          [100%]


=================================== FAILURES ===================================
_______________________ TestBasicRead.test_read[inputs0] _______________________

self = <connector_acceptance_test.tests.test_core.TestBasicRead object at 0xffff862305e0>
connector_config = SecretDict(******)
configured_catalog = ConfiguredAirbyteCatalog(streams=[ConfiguredAirbyteStream(stream=AirbyteStream(name='organizations', json_schema={'$sc...l_refresh'>, cursor_field=None, destination_sync_mode=<DestinationSyncMode.overwrite: 'overwrite'>, primary_key=None)])
expect_records_config = None, should_validate_schema = True
should_validate_data_points = False, should_fail_on_extra_columns = True
empty_streams = {EmptyStreamConfiguration(name='k6-tests', bypass_reason=None)}
ignored_fields = {}, expected_records_by_stream = {}
docker_runner = <connector_acceptance_test.utils.connector_runner.ConnectorRunner object at 0xffff85faddc0>
detailed_logger = <Logger detailed_logger /test_input/acceptance_tests_logs/test_core.py__TestBasicRead__test_read[inputs0].txt (DEBUG)>

    def test_read(
        self,
        connector_config,
        configured_catalog,
        expect_records_config: ExpectedRecordsConfig,
        should_validate_schema: Boolean,
        should_validate_data_points: Boolean,
        should_fail_on_extra_columns: Boolean,
        empty_streams: Set[EmptyStreamConfiguration],
        ignored_fields: Optional[Mapping[str, List[IgnoredFieldsConfiguration]]],
        expected_records_by_stream: MutableMapping[str, List[MutableMapping]],
        docker_runner: ConnectorRunner,
        detailed_logger,
    ):
        output = docker_runner.call_read(connector_config, configured_catalog)
        records = [message.record for message in filter_output(output, Type.RECORD)]
    
        assert records, "At least one record should be read using provided catalog"
    
        if should_validate_schema:  # TODO Conditional logic
>           self._validate_schema(
                records=records, configured_catalog=configured_catalog, fail_on_extra_columns=should_fail_on_extra_columns
            )

connector_acceptance_test/tests/test_core.py:823: 
_ _ _ _ _ _ _ _ _ _ _ _ _ _ _ _ _ _ _ _ _ _ _ _ _ _ _ _ _ _ _ _ _ _ _ _ _ _ _ _ 

records = [AirbyteRecordMessage(namespace=None, stream='organizations', data={'id': 3262786, 'name': 'haithem.souala@melting-poi...022-10-24T17:42:18.637373Z', 'updated': '2022-10-24T17:42:18.637385Z', 'is_default': False}, emitted_at=1679407757704)]
configured_catalog = ConfiguredAirbyteCatalog(streams=[ConfiguredAirbyteStream(stream=AirbyteStream(name='organizations', json_schema={'$sc...l_refresh'>, cursor_field=None, destination_sync_mode=<DestinationSyncMode.overwrite: 'overwrite'>, primary_key=None)])
fail_on_extra_columns = True

    @staticmethod
    def _validate_schema(records: List[AirbyteRecordMessage], configured_catalog: ConfiguredAirbyteCatalog, fail_on_extra_columns: Boolean):
        """
        Check if data type and structure in records matches the one in json_schema of the stream in catalog
        """
        TestBasicRead._validate_records_structure(records, configured_catalog)
        bar = "-" * 80
        streams_errors = verify_records_schema(records, configured_catalog, fail_on_extra_columns)
        for stream_name, errors in streams_errors.items():
            errors = map(str, errors.values())
            str_errors = f"\n{bar}\n".join(errors)
            logging.error(f"\nThe {stream_name} stream has the following schema errors:\n{str_errors}")
    
        if streams_errors:
>           pytest.fail(f"Please check your json_schema in selected streams {tuple(streams_errors.keys())}.")
E           Failed: Please check your json_schema in selected streams ('organizations',).

connector_acceptance_test/tests/test_core.py:665: Failed
---------------------------- Captured stdout setup -----------------------------
{"type": "LOG", "log": {"level": "WARN", "message": "The acceptance-test-config.yml file is in a legacy format. Please migrate to the latest format."}}
------------------------------ Captured log setup ------------------------------
WARNING  root:config.py:282 The acceptance-test-config.yml file is in a legacy format. Please migrate to the latest format.
----------------------------- Captured stdout call -----------------------------
{"type": "LOG", "log": {"level": "ERROR", "message": "\nThe organizations stream has the following schema errors:\nAdditional properties are not allowed ('grafana_billing_id', 'grafana_stack_url', 'grafana_stack_name', 'grafana_org_slug', 'grafana_org_name', 'is_grafana_org', 'grafana_stack_id', 'logo' were unexpected)\n\nFailed validating 'additionalProperties' in schema:\n    {'$schema': 'http://json-schema.org/draft-07/schema#',\n     'additionalProperties': False,\n     'properties': {'billing_address': {'type': 'string'},\n                    'billing_country': {'type': 'string'},\n                    'billing_email': {'type': 'string'},\n                    'created': {'type': 'string'},\n                    'description': {'type': 'string'},\n                    'id': {'type': 'integer'},\n                    'is_default': {'type': 'boolean'},\n                    'is_saml_org': {'type': 'boolean'},\n                    'name': {'type': 'string'},\n                    'owner_id': {'type': 'integer'},\n                    'updated': {'type': 'string'},\n                    'vat_number': {'type': 'string'}},\n     'type': 'object'}\n\nOn instance:\n    {'billing_address': '',\n     'billing_country': 'FR',\n     'billing_email': '',\n     'created': '2022-07-07T15:02:49.673056Z',\n     'description': '',\n     'grafana_billing_id': None,\n     'grafana_org_name': None,\n     'grafana_org_slug': None,\n     'grafana_stack_id': None,\n     'grafana_stack_name': None,\n     'grafana_stack_url': None,\n     'id': 3262786,\n     'is_default': True,\n     'is_grafana_org': False,\n     'is_saml_org': False,\n     'logo': None,\n     'name': 'haithem.souala@melting-point.fr',\n     'owner_id': 3261639,\n     'updated': '2022-07-08T14:07:37.056918Z',\n     'vat_number': ''}"}}
------------------------------ Captured log call -------------------------------
ERROR    root:test_core.py:662 
The organizations stream has the following schema errors:
Additional properties are not allowed ('grafana_billing_id', 'grafana_stack_url', 'grafana_stack_name', 'grafana_org_slug', 'grafana_org_name', 'is_grafana_org', 'grafana_stack_id', 'logo' were unexpected)

Failed validating 'additionalProperties' in schema:
    {'$schema': 'http://json-schema.org/draft-07/schema#',
     'additionalProperties': False,
     'properties': {'billing_address': {'type': 'string'},
                    'billing_country': {'type': 'string'},
                    'billing_email': {'type': 'string'},
                    'created': {'type': 'string'},
                    'description': {'type': 'string'},
                    'id': {'type': 'integer'},
                    'is_default': {'type': 'boolean'},
                    'is_saml_org': {'type': 'boolean'},
                    'name': {'type': 'string'},
                    'owner_id': {'type': 'integer'},
                    'updated': {'type': 'string'},
                    'vat_number': {'type': 'string'}},
     'type': 'object'}

On instance:
    {'billing_address': '',
     'billing_country': 'FR',
     'billing_email': '',
     'created': '2022-07-07T15:02:49.673056Z',
     'description': '',
     'grafana_billing_id': None,
     'grafana_org_name': None,
     'grafana_org_slug': None,
     'grafana_stack_id': None,
     'grafana_stack_name': None,
     'grafana_stack_url': None,
     'id': 3262786,
     'is_default': True,
     'is_grafana_org': False,
     'is_saml_org': False,
     'logo': None,
     'name': 'haithem.souala@melting-point.fr',
     'owner_id': 3261639,
     'updated': '2022-07-08T14:07:37.056918Z',
     'vat_number': ''}
=============================== warnings summary ===============================
connector_acceptance_test/config.py:282: 34 warnings
test_core.py: 1 warning
  /airbyte/connector_acceptance_test/connector_acceptance_test/config.py:282: DeprecationWarning: The 'warn' function is deprecated, use 'warning' instead
    logging.warn("The acceptance-test-config.yml file is in a legacy format. Please migrate to the latest format.")

-- Docs: https://docs.pytest.org/en/stable/warnings.html
=========================== short test summary info ============================
FAILED ../../test_input/test_core.py::TestBasicRead::test_read[inputs0] - Fai...
SKIPPED [1] connector_acceptance_test/plugin.py:63: Skipping TestIncremental.test_two_sequential_reads: not found in the config.
=========== 1 failed, 1 skipped, 33 deselected, 35 warnings in 9.11s ===========
