../../../../connectors/source-dockerhub/acceptance-test-config.yml
/Users/ella/airbytehq/airbyte/airbyte-integrations/connectors/source-dockerhub
============================= test session starts ==============================
platform linux -- Python 3.9.11, pytest-6.2.5, py-1.11.0, pluggy-1.0.0
rootdir: /test_input
plugins: timeout-1.4.2, hypothesis-6.54.6, requests-mock-1.9.3, cov-3.0.0, sugar-0.9.6, mock-3.6.1
{"type": "LOG", "log": {"level": "WARN", "message": "The acceptance-test-config.yml file is in a legacy format. Please migrate to the latest format."}}
{"type": "LOG", "log": {"level": "WARN", "message": "The acceptance-test-config.yml file is in a legacy format. Please migrate to the latest format."}}
{"type": "LOG", "log": {"level": "WARN", "message": "The acceptance-test-config.yml file is in a legacy format. Please migrate to the latest format."}}
{"type": "LOG", "log": {"level": "WARN", "message": "The acceptance-test-config.yml file is in a legacy format. Please migrate to the latest format."}}
{"type": "LOG", "log": {"level": "WARN", "message": "The acceptance-test-config.yml file is in a legacy format. Please migrate to the latest format."}}
{"type": "LOG", "log": {"level": "WARN", "message": "The acceptance-test-config.yml file is in a legacy format. Please migrate to the latest format."}}
{"type": "LOG", "log": {"level": "WARN", "message": "The acceptance-test-config.yml file is in a legacy format. Please migrate to the latest format."}}
{"type": "LOG", "log": {"level": "WARN", "message": "The acceptance-test-config.yml file is in a legacy format. Please migrate to the latest format."}}
{"type": "LOG", "log": {"level": "WARN", "message": "The acceptance-test-config.yml file is in a legacy format. Please migrate to the latest format."}}
{"type": "LOG", "log": {"level": "WARN", "message": "The acceptance-test-config.yml file is in a legacy format. Please migrate to the latest format."}}
{"type": "LOG", "log": {"level": "WARN", "message": "The acceptance-test-config.yml file is in a legacy format. Please migrate to the latest format."}}
{"type": "LOG", "log": {"level": "WARN", "message": "The acceptance-test-config.yml file is in a legacy format. Please migrate to the latest format."}}
{"type": "LOG", "log": {"level": "WARN", "message": "The acceptance-test-config.yml file is in a legacy format. Please migrate to the latest format."}}
{"type": "LOG", "log": {"level": "WARN", "message": "The acceptance-test-config.yml file is in a legacy format. Please migrate to the latest format."}}
{"type": "LOG", "log": {"level": "WARN", "message": "The acceptance-test-config.yml file is in a legacy format. Please migrate to the latest format."}}
{"type": "LOG", "log": {"level": "WARN", "message": "The acceptance-test-config.yml file is in a legacy format. Please migrate to the latest format."}}
{"type": "LOG", "log": {"level": "WARN", "message": "The acceptance-test-config.yml file is in a legacy format. Please migrate to the latest format."}}
{"type": "LOG", "log": {"level": "WARN", "message": "The acceptance-test-config.yml file is in a legacy format. Please migrate to the latest format."}}
{"type": "LOG", "log": {"level": "WARN", "message": "The acceptance-test-config.yml file is in a legacy format. Please migrate to the latest format."}}
{"type": "LOG", "log": {"level": "WARN", "message": "The acceptance-test-config.yml file is in a legacy format. Please migrate to the latest format."}}
{"type": "LOG", "log": {"level": "WARN", "message": "The acceptance-test-config.yml file is in a legacy format. Please migrate to the latest format."}}
{"type": "LOG", "log": {"level": "WARN", "message": "The acceptance-test-config.yml file is in a legacy format. Please migrate to the latest format."}}
{"type": "LOG", "log": {"level": "WARN", "message": "The acceptance-test-config.yml file is in a legacy format. Please migrate to the latest format."}}
{"type": "LOG", "log": {"level": "WARN", "message": "The acceptance-test-config.yml file is in a legacy format. Please migrate to the latest format."}}
{"type": "LOG", "log": {"level": "WARN", "message": "The acceptance-test-config.yml file is in a legacy format. Please migrate to the latest format."}}
{"type": "LOG", "log": {"level": "WARN", "message": "The acceptance-test-config.yml file is in a legacy format. Please migrate to the latest format."}}
{"type": "LOG", "log": {"level": "WARN", "message": "The acceptance-test-config.yml file is in a legacy format. Please migrate to the latest format."}}
{"type": "LOG", "log": {"level": "WARN", "message": "The acceptance-test-config.yml file is in a legacy format. Please migrate to the latest format."}}
{"type": "LOG", "log": {"level": "WARN", "message": "The acceptance-test-config.yml file is in a legacy format. Please migrate to the latest format."}}
{"type": "LOG", "log": {"level": "WARN", "message": "The acceptance-test-config.yml file is in a legacy format. Please migrate to the latest format."}}
{"type": "LOG", "log": {"level": "WARN", "message": "The acceptance-test-config.yml file is in a legacy format. Please migrate to the latest format."}}
{"type": "LOG", "log": {"level": "WARN", "message": "The acceptance-test-config.yml file is in a legacy format. Please migrate to the latest format."}}
{"type": "LOG", "log": {"level": "WARN", "message": "The acceptance-test-config.yml file is in a legacy format. Please migrate to the latest format."}}
{"type": "LOG", "log": {"level": "WARN", "message": "The acceptance-test-config.yml file is in a legacy format. Please migrate to the latest format."}}
collected 33 items / 32 deselected / 1 skipped

../../test_input/test_core.py F                                          [100%]


=================================== FAILURES ===================================
_______________________ TestBasicRead.test_read[inputs0] _______________________

self = <connector_acceptance_test.tests.test_core.TestBasicRead object at 0xffffaf0171f0>
connector_config = SecretDict(******)
configured_catalog = ConfiguredAirbyteCatalog(streams=[ConfiguredAirbyteStream(stream=AirbyteStream(name='docker_hub', json_schema={'$schem...e, destination_sync_mode=<DestinationSyncMode.overwrite: 'overwrite'>, primary_key=None, source_defined_cursor=False)])
expect_records_config = None, should_validate_schema = True
should_validate_data_points = False, should_fail_on_extra_columns = True
empty_streams = set(), ignored_fields = {}, expected_records_by_stream = {}
docker_runner = <connector_acceptance_test.utils.connector_runner.ConnectorRunner object at 0xffffaee647f0>
detailed_logger = <Logger detailed_logger /test_input/acceptance_tests_logs/test_core.py__TestBasicRead__test_read[inputs0].txt (DEBUG)>

    def test_read(
        self,
        connector_config,
        configured_catalog,
        expect_records_config: ExpectedRecordsConfig,
        should_validate_schema: Boolean,
        should_validate_data_points: Boolean,
        should_fail_on_extra_columns: Boolean,
        empty_streams: Set[EmptyStreamConfiguration],
        ignored_fields: Optional[Mapping[str, List[IgnoredFieldsConfiguration]]],
        expected_records_by_stream: MutableMapping[str, List[MutableMapping]],
        docker_runner: ConnectorRunner,
        detailed_logger,
    ):
        output = docker_runner.call_read(connector_config, configured_catalog)
        records = [message.record for message in filter_output(output, Type.RECORD)]
    
        assert records, "At least one record should be read using provided catalog"
    
        if should_validate_schema:  # TODO Conditional logic
>           self._validate_schema(
                records=records, configured_catalog=configured_catalog, fail_on_extra_columns=should_fail_on_extra_columns
            )

connector_acceptance_test/tests/test_core.py:823: 
_ _ _ _ _ _ _ _ _ _ _ _ _ _ _ _ _ _ _ _ _ _ _ _ _ _ _ _ _ _ _ _ _ _ _ _ _ _ _ _ 

records = [AirbyteRecordMessage(namespace=None, stream='docker_hub', data={'name': 'integration-singer-bigquery-destination', 'n...list.v2+json', 'application/vnd.oci.image.index.v1+json'], 'content_types': ['image']}, emitted_at=1679404940014), ...]
configured_catalog = ConfiguredAirbyteCatalog(streams=[ConfiguredAirbyteStream(stream=AirbyteStream(name='docker_hub', json_schema={'$schem...e, destination_sync_mode=<DestinationSyncMode.overwrite: 'overwrite'>, primary_key=None, source_defined_cursor=False)])
fail_on_extra_columns = True

    @staticmethod
    def _validate_schema(records: List[AirbyteRecordMessage], configured_catalog: ConfiguredAirbyteCatalog, fail_on_extra_columns: Boolean):
        """
        Check if data type and structure in records matches the one in json_schema of the stream in catalog
        """
        TestBasicRead._validate_records_structure(records, configured_catalog)
        bar = "-" * 80
        streams_errors = verify_records_schema(records, configured_catalog, fail_on_extra_columns)
        for stream_name, errors in streams_errors.items():
            errors = map(str, errors.values())
            str_errors = f"\n{bar}\n".join(errors)
            logging.error(f"\nThe {stream_name} stream has the following schema errors:\n{str_errors}")
    
        if streams_errors:
>           pytest.fail(f"Please check your json_schema in selected streams {tuple(streams_errors.keys())}.")
E           Failed: Please check your json_schema in selected streams ('docker_hub',).

connector_acceptance_test/tests/test_core.py:665: Failed
---------------------------- Captured stdout setup -----------------------------
{"type": "LOG", "log": {"level": "WARN", "message": "The acceptance-test-config.yml file is in a legacy format. Please migrate to the latest format."}}
------------------------------ Captured log setup ------------------------------
WARNING  root:config.py:282 The acceptance-test-config.yml file is in a legacy format. Please migrate to the latest format.
----------------------------- Captured stdout call -----------------------------
{"type": "LOG", "log": {"level": "ERROR", "message": "\nThe docker_hub stream has the following schema errors:\nAdditional properties are not allowed ('media_types', 'date_registered', 'content_types', 'status_description' were unexpected)\n\nFailed validating 'additionalProperties' in schema:\n    {'$schema': 'http://json-schema.org/draft-07/schema#',\n     'additionalProperties': False,\n     'properties': {'affiliation': {'type': ['null', 'string']},\n                    'can_edit': {'type': ['null', 'boolean']},\n                    'collaborator_count': {'type': ['null', 'integer']},\n                    'description': {'type': ['null', 'string']},\n                    'hub_user': {'type': ['null', 'string']},\n                    'is_automated': {'type': ['null', 'boolean']},\n                    'is_migrated': {'type': ['null', 'boolean']},\n                    'is_private': {'type': ['null', 'boolean']},\n                    'last_updated': {'type': ['null', 'string']},\n                    'name': {'type': ['null', 'string']},\n                    'namespace': {'type': ['null', 'string']},\n                    'pull_count': {'type': ['null', 'integer']},\n                    'repository_type': {'type': ['null', 'string']},\n                    'star_count': {'type': ['null', 'integer']},\n                    'status': {'type': ['null', 'integer']},\n                    'user': {'type': ['null', 'string']}},\n     'type': 'object'}\n\nOn instance:\n    {'affiliation': '',\n     'content_types': ['image'],\n     'date_registered': '2023-03-16T19:00:58.59401Z',\n     'description': '',\n     'is_private': False,\n     'last_updated': '2023-03-16T19:04:38.871836Z',\n     'media_types': ['application/vnd.docker.distribution.manifest.list.v2+json'],\n     'name': 'source-trustpilot',\n     'namespace': 'airbyte',\n     'pull_count': 30,\n     'repository_type': 'image',\n     'star_count': 0,\n     'status': 1,\n     'status_description': 'active'}"}}
------------------------------ Captured log call -------------------------------
ERROR    root:test_core.py:662 
The docker_hub stream has the following schema errors:
Additional properties are not allowed ('media_types', 'date_registered', 'content_types', 'status_description' were unexpected)

Failed validating 'additionalProperties' in schema:
    {'$schema': 'http://json-schema.org/draft-07/schema#',
     'additionalProperties': False,
     'properties': {'affiliation': {'type': ['null', 'string']},
                    'can_edit': {'type': ['null', 'boolean']},
                    'collaborator_count': {'type': ['null', 'integer']},
                    'description': {'type': ['null', 'string']},
                    'hub_user': {'type': ['null', 'string']},
                    'is_automated': {'type': ['null', 'boolean']},
                    'is_migrated': {'type': ['null', 'boolean']},
                    'is_private': {'type': ['null', 'boolean']},
                    'last_updated': {'type': ['null', 'string']},
                    'name': {'type': ['null', 'string']},
                    'namespace': {'type': ['null', 'string']},
                    'pull_count': {'type': ['null', 'integer']},
                    'repository_type': {'type': ['null', 'string']},
                    'star_count': {'type': ['null', 'integer']},
                    'status': {'type': ['null', 'integer']},
                    'user': {'type': ['null', 'string']}},
     'type': 'object'}

On instance:
    {'affiliation': '',
     'content_types': ['image'],
     'date_registered': '2023-03-16T19:00:58.59401Z',
     'description': '',
     'is_private': False,
     'last_updated': '2023-03-16T19:04:38.871836Z',
     'media_types': ['application/vnd.docker.distribution.manifest.list.v2+json'],
     'name': 'source-trustpilot',
     'namespace': 'airbyte',
     'pull_count': 30,
     'repository_type': 'image',
     'star_count': 0,
     'status': 1,
     'status_description': 'active'}
=============================== warnings summary ===============================
connector_acceptance_test/config.py:282: 34 warnings
test_core.py: 1 warning
  /airbyte/connector_acceptance_test/connector_acceptance_test/config.py:282: DeprecationWarning: The 'warn' function is deprecated, use 'warning' instead
    logging.warn("The acceptance-test-config.yml file is in a legacy format. Please migrate to the latest format.")

-- Docs: https://docs.pytest.org/en/stable/warnings.html
=========================== short test summary info ============================
FAILED ../../test_input/test_core.py::TestBasicRead::test_read[inputs0] - Fai...
SKIPPED [1] connector_acceptance_test/plugin.py:63: Skipping TestIncremental.test_two_sequential_reads: not found in the config.
=========== 1 failed, 1 skipped, 32 deselected, 35 warnings in 8.48s ===========
