../../../../connectors/source-alpha-vantage/acceptance-test-config.yml
/Users/ella/airbytehq/airbyte/airbyte-integrations/connectors/source-alpha-vantage
============================= test session starts ==============================
platform linux -- Python 3.9.11, pytest-6.2.5, py-1.11.0, pluggy-1.0.0
rootdir: /test_input
plugins: timeout-1.4.2, hypothesis-6.54.6, requests-mock-1.9.3, cov-3.0.0, sugar-0.9.6, mock-3.6.1
{"type": "LOG", "log": {"level": "WARN", "message": "The acceptance-test-config.yml file is in a legacy format. Please migrate to the latest format."}}
{"type": "LOG", "log": {"level": "WARN", "message": "The acceptance-test-config.yml file is in a legacy format. Please migrate to the latest format."}}
{"type": "LOG", "log": {"level": "WARN", "message": "The acceptance-test-config.yml file is in a legacy format. Please migrate to the latest format."}}
{"type": "LOG", "log": {"level": "WARN", "message": "The acceptance-test-config.yml file is in a legacy format. Please migrate to the latest format."}}
{"type": "LOG", "log": {"level": "WARN", "message": "The acceptance-test-config.yml file is in a legacy format. Please migrate to the latest format."}}
{"type": "LOG", "log": {"level": "WARN", "message": "The acceptance-test-config.yml file is in a legacy format. Please migrate to the latest format."}}
{"type": "LOG", "log": {"level": "WARN", "message": "The acceptance-test-config.yml file is in a legacy format. Please migrate to the latest format."}}
{"type": "LOG", "log": {"level": "WARN", "message": "The acceptance-test-config.yml file is in a legacy format. Please migrate to the latest format."}}
{"type": "LOG", "log": {"level": "WARN", "message": "The acceptance-test-config.yml file is in a legacy format. Please migrate to the latest format."}}
{"type": "LOG", "log": {"level": "WARN", "message": "The acceptance-test-config.yml file is in a legacy format. Please migrate to the latest format."}}
{"type": "LOG", "log": {"level": "WARN", "message": "The acceptance-test-config.yml file is in a legacy format. Please migrate to the latest format."}}
{"type": "LOG", "log": {"level": "WARN", "message": "The acceptance-test-config.yml file is in a legacy format. Please migrate to the latest format."}}
{"type": "LOG", "log": {"level": "WARN", "message": "The acceptance-test-config.yml file is in a legacy format. Please migrate to the latest format."}}
{"type": "LOG", "log": {"level": "WARN", "message": "The acceptance-test-config.yml file is in a legacy format. Please migrate to the latest format."}}
{"type": "LOG", "log": {"level": "WARN", "message": "The acceptance-test-config.yml file is in a legacy format. Please migrate to the latest format."}}
{"type": "LOG", "log": {"level": "WARN", "message": "The acceptance-test-config.yml file is in a legacy format. Please migrate to the latest format."}}
{"type": "LOG", "log": {"level": "WARN", "message": "The acceptance-test-config.yml file is in a legacy format. Please migrate to the latest format."}}
{"type": "LOG", "log": {"level": "WARN", "message": "The acceptance-test-config.yml file is in a legacy format. Please migrate to the latest format."}}
{"type": "LOG", "log": {"level": "WARN", "message": "The acceptance-test-config.yml file is in a legacy format. Please migrate to the latest format."}}
{"type": "LOG", "log": {"level": "WARN", "message": "The acceptance-test-config.yml file is in a legacy format. Please migrate to the latest format."}}
{"type": "LOG", "log": {"level": "WARN", "message": "The acceptance-test-config.yml file is in a legacy format. Please migrate to the latest format."}}
{"type": "LOG", "log": {"level": "WARN", "message": "The acceptance-test-config.yml file is in a legacy format. Please migrate to the latest format."}}
{"type": "LOG", "log": {"level": "WARN", "message": "The acceptance-test-config.yml file is in a legacy format. Please migrate to the latest format."}}
{"type": "LOG", "log": {"level": "WARN", "message": "The acceptance-test-config.yml file is in a legacy format. Please migrate to the latest format."}}
{"type": "LOG", "log": {"level": "WARN", "message": "The acceptance-test-config.yml file is in a legacy format. Please migrate to the latest format."}}
{"type": "LOG", "log": {"level": "WARN", "message": "The acceptance-test-config.yml file is in a legacy format. Please migrate to the latest format."}}
{"type": "LOG", "log": {"level": "WARN", "message": "The acceptance-test-config.yml file is in a legacy format. Please migrate to the latest format."}}
{"type": "LOG", "log": {"level": "WARN", "message": "The acceptance-test-config.yml file is in a legacy format. Please migrate to the latest format."}}
{"type": "LOG", "log": {"level": "WARN", "message": "The acceptance-test-config.yml file is in a legacy format. Please migrate to the latest format."}}
{"type": "LOG", "log": {"level": "WARN", "message": "The acceptance-test-config.yml file is in a legacy format. Please migrate to the latest format."}}
{"type": "LOG", "log": {"level": "WARN", "message": "The acceptance-test-config.yml file is in a legacy format. Please migrate to the latest format."}}
{"type": "LOG", "log": {"level": "WARN", "message": "The acceptance-test-config.yml file is in a legacy format. Please migrate to the latest format."}}
{"type": "LOG", "log": {"level": "WARN", "message": "The acceptance-test-config.yml file is in a legacy format. Please migrate to the latest format."}}
{"type": "LOG", "log": {"level": "WARN", "message": "The acceptance-test-config.yml file is in a legacy format. Please migrate to the latest format."}}
collected 34 items / 33 deselected / 1 skipped

../../test_input/test_core.py F                                          [100%]


=================================== FAILURES ===================================
_______________________ TestBasicRead.test_read[inputs0] _______________________

self = <connector_acceptance_test.tests.test_core.TestBasicRead object at 0xffff98681490>
connector_config = SecretDict(******)
configured_catalog = ConfiguredAirbyteCatalog(streams=[ConfiguredAirbyteStream(stream=AirbyteStream(name='time_series_daily', json_schema={...l_refresh'>, cursor_field=None, destination_sync_mode=<DestinationSyncMode.overwrite: 'overwrite'>, primary_key=None)])
expect_records_config = None, should_validate_schema = True
should_validate_data_points = False, should_fail_on_extra_columns = True
empty_streams = {EmptyStreamConfiguration(name='time_series_monthly', bypass_reason=None), EmptyStreamConfiguration(name='time_series_daily', bypass_reason=None), EmptyStreamConfiguration(name='quote', bypass_reason=None)}
ignored_fields = {}, expected_records_by_stream = {}
docker_runner = <connector_acceptance_test.utils.connector_runner.ConnectorRunner object at 0xffff982cbd00>
detailed_logger = <Logger detailed_logger /test_input/acceptance_tests_logs/test_core.py__TestBasicRead__test_read[inputs0].txt (DEBUG)>

    def test_read(
        self,
        connector_config,
        configured_catalog,
        expect_records_config: ExpectedRecordsConfig,
        should_validate_schema: Boolean,
        should_validate_data_points: Boolean,
        should_fail_on_extra_columns: Boolean,
        empty_streams: Set[EmptyStreamConfiguration],
        ignored_fields: Optional[Mapping[str, List[IgnoredFieldsConfiguration]]],
        expected_records_by_stream: MutableMapping[str, List[MutableMapping]],
        docker_runner: ConnectorRunner,
        detailed_logger,
    ):
        output = docker_runner.call_read(connector_config, configured_catalog)
        records = [message.record for message in filter_output(output, Type.RECORD)]
    
        assert records, "At least one record should be read using provided catalog"
    
        if should_validate_schema:  # TODO Conditional logic
>           self._validate_schema(
                records=records, configured_catalog=configured_catalog, fail_on_extra_columns=should_fail_on_extra_columns
            )

connector_acceptance_test/tests/test_core.py:823: 
_ _ _ _ _ _ _ _ _ _ _ _ _ _ _ _ _ _ _ _ _ _ _ _ _ _ _ _ _ _ _ _ _ _ _ _ _ _ _ _ 

records = [AirbyteRecordMessage(namespace=None, stream='time_series_weekly', data={'date': '2023-03-20', '1. open': '178.0800', ...: '217.6500', '3. low': '187.6100', '4. close': '208.3100', '5. volume': '1014364828'}, emitted_at=1679404611246), ...]
configured_catalog = ConfiguredAirbyteCatalog(streams=[ConfiguredAirbyteStream(stream=AirbyteStream(name='time_series_daily', json_schema={...l_refresh'>, cursor_field=None, destination_sync_mode=<DestinationSyncMode.overwrite: 'overwrite'>, primary_key=None)])
fail_on_extra_columns = True

    @staticmethod
    def _validate_schema(records: List[AirbyteRecordMessage], configured_catalog: ConfiguredAirbyteCatalog, fail_on_extra_columns: Boolean):
        """
        Check if data type and structure in records matches the one in json_schema of the stream in catalog
        """
        TestBasicRead._validate_records_structure(records, configured_catalog)
        bar = "-" * 80
        streams_errors = verify_records_schema(records, configured_catalog, fail_on_extra_columns)
        for stream_name, errors in streams_errors.items():
            errors = map(str, errors.values())
            str_errors = f"\n{bar}\n".join(errors)
            logging.error(f"\nThe {stream_name} stream has the following schema errors:\n{str_errors}")
    
        if streams_errors:
>           pytest.fail(f"Please check your json_schema in selected streams {tuple(streams_errors.keys())}.")
E           Failed: Please check your json_schema in selected streams ('time_series_weekly', 'time_series_monthly').

connector_acceptance_test/tests/test_core.py:665: Failed
---------------------------- Captured stdout setup -----------------------------
{"type": "LOG", "log": {"level": "WARN", "message": "The acceptance-test-config.yml file is in a legacy format. Please migrate to the latest format."}}
------------------------------ Captured log setup ------------------------------
WARNING  root:config.py:282 The acceptance-test-config.yml file is in a legacy format. Please migrate to the latest format.
----------------------------- Captured stdout call -----------------------------
{"type": "LOG", "log": {"level": "ERROR", "message": "\nThe time_series_weekly stream has the following schema errors:\nAdditional properties are not allowed ('date' was unexpected)\n\nFailed validating 'additionalProperties' in schema:\n    {'$schema': 'http://json-schema.org/draft-07/schema#',\n     'additionalProperties': False,\n     'properties': {'1. open': {'type': ['string', 'null']},\n                    '2. high': {'type': ['string', 'null']},\n                    '3. low': {'type': ['string', 'null']},\n                    '4. close': {'type': ['string', 'null']},\n                    '5. volume': {'type': ['string', 'null']}},\n     'type': 'object'}\n\nOn instance:\n    {'1. open': '20.0000',\n     '2. high': '20.0000',\n     '3. low': '14.9800',\n     '4. close': '17.4000',\n     '5. volume': '25550600',\n     'date': '2010-07-09'}"}}
{"type": "LOG", "log": {"level": "ERROR", "message": "\nThe time_series_monthly stream has the following schema errors:\nAdditional properties are not allowed ('date' was unexpected)\n\nFailed validating 'additionalProperties' in schema:\n    {'$schema': 'http://json-schema.org/draft-07/schema#',\n     'additionalProperties': False,\n     'properties': {'1. open': {'type': ['string', 'null']},\n                    '2. high': {'type': ['string', 'null']},\n                    '3. low': {'type': ['string', 'null']},\n                    '4. close': {'type': ['string', 'null']},\n                    '5. volume': {'type': ['string', 'null']}},\n     'type': 'object'}\n\nOn instance:\n    {'1. open': '25.0000',\n     '2. high': '25.9200',\n     '3. low': '14.9800',\n     '4. close': '19.9400',\n     '5. volume': '64575800',\n     'date': '2010-07-30'}"}}
------------------------------ Captured log call -------------------------------
ERROR    root:test_core.py:662 
The time_series_weekly stream has the following schema errors:
Additional properties are not allowed ('date' was unexpected)

Failed validating 'additionalProperties' in schema:
    {'$schema': 'http://json-schema.org/draft-07/schema#',
     'additionalProperties': False,
     'properties': {'1. open': {'type': ['string', 'null']},
                    '2. high': {'type': ['string', 'null']},
                    '3. low': {'type': ['string', 'null']},
                    '4. close': {'type': ['string', 'null']},
                    '5. volume': {'type': ['string', 'null']}},
     'type': 'object'}

On instance:
    {'1. open': '20.0000',
     '2. high': '20.0000',
     '3. low': '14.9800',
     '4. close': '17.4000',
     '5. volume': '25550600',
     'date': '2010-07-09'}
ERROR    root:test_core.py:662 
The time_series_monthly stream has the following schema errors:
Additional properties are not allowed ('date' was unexpected)

Failed validating 'additionalProperties' in schema:
    {'$schema': 'http://json-schema.org/draft-07/schema#',
     'additionalProperties': False,
     'properties': {'1. open': {'type': ['string', 'null']},
                    '2. high': {'type': ['string', 'null']},
                    '3. low': {'type': ['string', 'null']},
                    '4. close': {'type': ['string', 'null']},
                    '5. volume': {'type': ['string', 'null']}},
     'type': 'object'}

On instance:
    {'1. open': '25.0000',
     '2. high': '25.9200',
     '3. low': '14.9800',
     '4. close': '19.9400',
     '5. volume': '64575800',
     'date': '2010-07-30'}
=============================== warnings summary ===============================
connector_acceptance_test/config.py:282: 34 warnings
test_core.py: 1 warning
  /airbyte/connector_acceptance_test/connector_acceptance_test/config.py:282: DeprecationWarning: The 'warn' function is deprecated, use 'warning' instead
    logging.warn("The acceptance-test-config.yml file is in a legacy format. Please migrate to the latest format.")

-- Docs: https://docs.pytest.org/en/stable/warnings.html
=========================== short test summary info ============================
FAILED ../../test_input/test_core.py::TestBasicRead::test_read[inputs0] - Fai...
SKIPPED [1] connector_acceptance_test/plugin.py:63: Skipping TestIncremental.test_two_sequential_reads: not found in the config.
========== 1 failed, 1 skipped, 33 deselected, 35 warnings in 14.78s ===========
